2024-10-06 15:07:19 DEBUG TestNG:82 - suiteXmlPath: "C:\workspace_eclipse\OpenCartV1\paralleltestng.xml"
2024-10-06 15:07:20 INFO  Utils:112 - [TestNG] Running:
  C:\workspace_eclipse\OpenCartV1\paralleltestng.xml

2024-10-06 15:13:32 DEBUG TestNG:82 - suiteXmlPath: "C:\workspace_eclipse\OpenCartV1\paralleltestng.xml"
2024-10-06 15:13:32 INFO  Utils:112 - [TestNG] Running:
  C:\workspace_eclipse\OpenCartV1\paralleltestng.xml

2024-10-06 15:13:35 INFO  AccountRegistrationTest:18 - Running myAccountClick
2024-10-06 15:13:35 INFO  AccountRegistrationTest:20 - Running registerClick
2024-10-06 15:13:35 INFO  AccountRegistrationTest:25 - Running RegistrationPage Details
2024-10-06 15:13:37 INFO  AccountRegistrationTest:44 - final string matched
2024-10-06 15:15:43 DEBUG TestNG:82 - suiteXmlPath: "C:\workspace_eclipse\OpenCartV1\Mastertestng.xml"
2024-10-06 15:15:43 INFO  Utils:112 - [TestNG] Running:
  C:\workspace_eclipse\OpenCartV1\Mastertestng.xml

2024-10-06 15:15:45 INFO  AccountRegistrationTest:18 - Running myAccountClick
2024-10-06 15:15:45 INFO  AccountRegistrationTest:20 - Running registerClick
2024-10-06 15:15:48 INFO  AccountRegistrationTest:25 - Running RegistrationPage Details
2024-10-06 15:20:22 DEBUG TestNG:82 - suiteXmlPath: "C:\workspace_eclipse\OpenCartV1\Mastertestng.xml"
2024-10-06 15:20:22 INFO  Utils:112 - [TestNG] Running:
  C:\workspace_eclipse\OpenCartV1\Mastertestng.xml

2024-10-06 15:20:24 INFO  LoginTest:20 - Logging to the Page
2024-10-06 15:20:25 INFO  LoginTest:27 - Email ID provided
2024-10-06 15:20:25 INFO  LoginTest:29 - Password Provided
2024-10-06 15:20:25 INFO  LoginTest:31 - clicked on login button..
2024-10-06 15:20:25 INFO  LoginTest:37 - Login Succeed
2024-10-06 15:20:25 INFO  LoginTest:45 - **** Finished LoginTest  ****
2024-10-06 15:21:58 DEBUG TestNG:82 - suiteXmlPath: "C:\workspace_eclipse\OpenCartV1\paralleltestng.xml"
2024-10-06 15:21:58 INFO  Utils:112 - [TestNG] Running:
  C:\workspace_eclipse\OpenCartV1\paralleltestng.xml

2024-10-06 15:22:00 INFO  LoginTest:20 - Logging to the Page
2024-10-06 15:22:00 INFO  LoginTest:27 - Email ID provided
2024-10-06 15:22:00 INFO  LoginTest:29 - Password Provided
2024-10-06 15:22:01 INFO  LoginTest:31 - clicked on login button..
2024-10-06 15:22:01 INFO  LoginTest:37 - Login Succeed
2024-10-06 15:22:01 INFO  LoginTest:45 - **** Finished LoginTest  ****
2024-10-06 15:26:06 DEBUG TestNG:82 - suiteXmlPath: "C:\workspace_eclipse\OpenCartV1\paralleltestng.xml"
2024-10-06 15:26:07 INFO  Utils:112 - [TestNG] Running:
  C:\workspace_eclipse\OpenCartV1\paralleltestng.xml

2024-10-06 15:26:08 INFO  LoginTest:20 - Logging to the Page
2024-10-06 15:26:09 INFO  LoginTest:27 - Email ID provided
2024-10-06 15:26:09 INFO  LoginTest:29 - Password Provided
2024-10-06 15:26:10 INFO  LoginTest:31 - clicked on login button..
2024-10-06 15:26:10 INFO  LoginTest:37 - Login Succeed
2024-10-06 15:26:10 INFO  LoginTest:45 - **** Finished LoginTest  ****
2024-10-06 15:26:14 INFO  LoginTest:20 - Logging to the Page
2024-10-06 15:26:15 INFO  LoginTest:27 - Email ID provided
2024-10-06 15:26:15 INFO  LoginTest:29 - Password Provided
2024-10-06 15:26:15 INFO  LoginTest:31 - clicked on login button..
2024-10-06 15:26:15 INFO  LoginTest:37 - Login Succeed
2024-10-06 15:26:15 INFO  LoginTest:45 - **** Finished LoginTest  ****
